{"/Users/calebwood/Desktop/Rithm/Week7/exercises/express-jobly/app.js": {"path":"/Users/calebwood/Desktop/Rithm/Week7/exercises/express-jobly/app.js","statementMap":{"0":{"start":{"line":5,"column":16},"end":{"line":5,"column":34}},"1":{"start":{"line":6,"column":13},"end":{"line":6,"column":28}},"2":{"start":{"line":8,"column":26},"end":{"line":8,"column":51}},"3":{"start":{"line":10,"column":28},"end":{"line":10,"column":56}},"4":{"start":{"line":11,"column":19},"end":{"line":11,"column":43}},"5":{"start":{"line":12,"column":24},"end":{"line":12,"column":53}},"6":{"start":{"line":13,"column":20},"end":{"line":13,"column":45}},"7":{"start":{"line":14,"column":18},"end":{"line":14,"column":42}},"8":{"start":{"line":16,"column":15},"end":{"line":16,"column":32}},"9":{"start":{"line":18,"column":12},"end":{"line":18,"column":21}},"10":{"start":{"line":20,"column":0},"end":{"line":20,"column":16}},"11":{"start":{"line":21,"column":0},"end":{"line":21,"column":24}},"12":{"start":{"line":22,"column":0},"end":{"line":22,"column":24}},"13":{"start":{"line":23,"column":0},"end":{"line":23,"column":25}},"14":{"start":{"line":25,"column":0},"end":{"line":25,"column":29}},"15":{"start":{"line":26,"column":0},"end":{"line":26,"column":39}},"16":{"start":{"line":27,"column":0},"end":{"line":27,"column":31}},"17":{"start":{"line":28,"column":0},"end":{"line":28,"column":28}},"18":{"start":{"line":32,"column":0},"end":{"line":34,"column":3}},"19":{"start":{"line":33,"column":2},"end":{"line":33,"column":28}},"20":{"start":{"line":37,"column":0},"end":{"line":45,"column":3}},"21":{"start":{"line":38,"column":2},"end":{"line":38,"column":64}},"22":{"start":{"line":38,"column":39},"end":{"line":38,"column":64}},"23":{"start":{"line":39,"column":17},"end":{"line":39,"column":34}},"24":{"start":{"line":40,"column":18},"end":{"line":40,"column":29}},"25":{"start":{"line":42,"column":2},"end":{"line":44,"column":5}},"26":{"start":{"line":47,"column":0},"end":{"line":47,"column":21}}},"fnMap":{"0":{"name":"(anonymous_0)","decl":{"start":{"line":32,"column":8},"end":{"line":32,"column":9}},"loc":{"start":{"line":32,"column":34},"end":{"line":34,"column":1}},"line":32},"1":{"name":"(anonymous_1)","decl":{"start":{"line":37,"column":8},"end":{"line":37,"column":9}},"loc":{"start":{"line":37,"column":39},"end":{"line":45,"column":1}},"line":37}},"branchMap":{"0":{"loc":{"start":{"line":38,"column":2},"end":{"line":38,"column":64}},"type":"if","locations":[{"start":{"line":38,"column":2},"end":{"line":38,"column":64}},{"start":{},"end":{}}],"line":38},"1":{"loc":{"start":{"line":39,"column":17},"end":{"line":39,"column":34}},"type":"binary-expr","locations":[{"start":{"line":39,"column":17},"end":{"line":39,"column":27}},{"start":{"line":39,"column":31},"end":{"line":39,"column":34}}],"line":39}},"s":{"0":1,"1":1,"2":1,"3":1,"4":1,"5":1,"6":1,"7":1,"8":1,"9":1,"10":1,"11":1,"12":1,"13":1,"14":1,"15":1,"16":1,"17":1,"18":1,"19":0,"20":1,"21":14,"22":0,"23":14,"24":14,"25":14,"26":1},"f":{"0":0,"1":14},"b":{"0":[0,14],"1":[14,1]},"_coverageSchema":"1a1c01bbd47fc00a2c39e90264f33305004495a9","hash":"5ee4fd72c74cdcb1b1bbd483d54d641b5b628e21"}
,"/Users/calebwood/Desktop/Rithm/Week7/exercises/express-jobly/config.js": {"path":"/Users/calebwood/Desktop/Rithm/Week7/exercises/express-jobly/config.js","statementMap":{"0":{"start":{"line":5,"column":0},"end":{"line":5,"column":27}},"1":{"start":{"line":6,"column":0},"end":{"line":6,"column":18}},"2":{"start":{"line":8,"column":19},"end":{"line":8,"column":57}},"3":{"start":{"line":10,"column":13},"end":{"line":10,"column":38}},"4":{"start":{"line":14,"column":2},"end":{"line":16,"column":42}},"5":{"start":{"line":22,"column":27},"end":{"line":22,"column":67}},"6":{"start":{"line":24,"column":0},"end":{"line":24,"column":35}},"7":{"start":{"line":25,"column":0},"end":{"line":25,"column":46}},"8":{"start":{"line":26,"column":0},"end":{"line":26,"column":45}},"9":{"start":{"line":27,"column":0},"end":{"line":27,"column":61}},"10":{"start":{"line":28,"column":0},"end":{"line":28,"column":50}},"11":{"start":{"line":29,"column":0},"end":{"line":29,"column":19}},"12":{"start":{"line":31,"column":0},"end":{"line":36,"column":2}}},"fnMap":{"0":{"name":"getDatabaseUri","decl":{"start":{"line":13,"column":9},"end":{"line":13,"column":23}},"loc":{"start":{"line":13,"column":26},"end":{"line":17,"column":1}},"line":13}},"branchMap":{"0":{"loc":{"start":{"line":8,"column":19},"end":{"line":8,"column":57}},"type":"binary-expr","locations":[{"start":{"line":8,"column":19},"end":{"line":8,"column":41}},{"start":{"line":8,"column":45},"end":{"line":8,"column":57}}],"line":8},"1":{"loc":{"start":{"line":10,"column":13},"end":{"line":10,"column":38}},"type":"binary-expr","locations":[{"start":{"line":10,"column":13},"end":{"line":10,"column":30}},{"start":{"line":10,"column":34},"end":{"line":10,"column":38}}],"line":10},"2":{"loc":{"start":{"line":14,"column":9},"end":{"line":16,"column":41}},"type":"cond-expr","locations":[{"start":{"line":15,"column":6},"end":{"line":15,"column":42}},{"start":{"line":16,"column":6},"end":{"line":16,"column":41}}],"line":14},"3":{"loc":{"start":{"line":15,"column":6},"end":{"line":15,"column":42}},"type":"binary-expr","locations":[{"start":{"line":15,"column":6},"end":{"line":15,"column":26}},{"start":{"line":15,"column":30},"end":{"line":15,"column":42}}],"line":15},"4":{"loc":{"start":{"line":16,"column":6},"end":{"line":16,"column":41}},"type":"binary-expr","locations":[{"start":{"line":16,"column":6},"end":{"line":16,"column":30}},{"start":{"line":16,"column":34},"end":{"line":16,"column":41}}],"line":16},"5":{"loc":{"start":{"line":22,"column":27},"end":{"line":22,"column":67}},"type":"cond-expr","locations":[{"start":{"line":22,"column":61},"end":{"line":22,"column":62}},{"start":{"line":22,"column":65},"end":{"line":22,"column":67}}],"line":22}},"s":{"0":1,"1":1,"2":1,"3":1,"4":2,"5":1,"6":1,"7":1,"8":1,"9":1,"10":1,"11":1,"12":1},"f":{"0":2},"b":{"0":[1,1],"1":[1,1],"2":[2,0],"3":[2,2],"4":[0,0],"5":[1,0]},"_coverageSchema":"1a1c01bbd47fc00a2c39e90264f33305004495a9","hash":"e06910cb38be950c5d27ae643ae8872fe23b5310"}
,"/Users/calebwood/Desktop/Rithm/Week7/exercises/express-jobly/db.js": {"path":"/Users/calebwood/Desktop/Rithm/Week7/exercises/express-jobly/db.js","statementMap":{"0":{"start":{"line":5,"column":19},"end":{"line":5,"column":32}},"1":{"start":{"line":6,"column":27},"end":{"line":6,"column":46}},"2":{"start":{"line":8,"column":11},"end":{"line":10,"column":2}},"3":{"start":{"line":12,"column":0},"end":{"line":12,"column":13}},"4":{"start":{"line":14,"column":0},"end":{"line":14,"column":20}}},"fnMap":{},"branchMap":{},"s":{"0":1,"1":1,"2":1,"3":1,"4":1},"f":{},"b":{},"_coverageSchema":"1a1c01bbd47fc00a2c39e90264f33305004495a9","hash":"44ac4b0b6d086d9be5e6a24463df0d135aaff688"}
,"/Users/calebwood/Desktop/Rithm/Week7/exercises/express-jobly/expressError.js": {"path":"/Users/calebwood/Desktop/Rithm/Week7/exercises/express-jobly/expressError.js","statementMap":{"0":{"start":{"line":9,"column":4},"end":{"line":9,"column":12}},"1":{"start":{"line":10,"column":4},"end":{"line":10,"column":27}},"2":{"start":{"line":11,"column":4},"end":{"line":11,"column":25}},"3":{"start":{"line":19,"column":4},"end":{"line":19,"column":24}},"4":{"start":{"line":27,"column":4},"end":{"line":27,"column":24}},"5":{"start":{"line":35,"column":4},"end":{"line":35,"column":24}},"6":{"start":{"line":43,"column":4},"end":{"line":43,"column":24}},"7":{"start":{"line":47,"column":0},"end":{"line":53,"column":2}}},"fnMap":{"0":{"name":"(anonymous_0)","decl":{"start":{"line":8,"column":2},"end":{"line":8,"column":3}},"loc":{"start":{"line":8,"column":31},"end":{"line":12,"column":3}},"line":8},"1":{"name":"(anonymous_1)","decl":{"start":{"line":18,"column":2},"end":{"line":18,"column":3}},"loc":{"start":{"line":18,"column":37},"end":{"line":20,"column":3}},"line":18},"2":{"name":"(anonymous_2)","decl":{"start":{"line":26,"column":2},"end":{"line":26,"column":3}},"loc":{"start":{"line":26,"column":40},"end":{"line":28,"column":3}},"line":26},"3":{"name":"(anonymous_3)","decl":{"start":{"line":34,"column":2},"end":{"line":34,"column":3}},"loc":{"start":{"line":34,"column":39},"end":{"line":36,"column":3}},"line":34},"4":{"name":"(anonymous_4)","decl":{"start":{"line":42,"column":2},"end":{"line":42,"column":3}},"loc":{"start":{"line":42,"column":39},"end":{"line":44,"column":3}},"line":42}},"branchMap":{"0":{"loc":{"start":{"line":18,"column":14},"end":{"line":18,"column":35}},"type":"default-arg","locations":[{"start":{"line":18,"column":24},"end":{"line":18,"column":35}}],"line":18},"1":{"loc":{"start":{"line":26,"column":14},"end":{"line":26,"column":38}},"type":"default-arg","locations":[{"start":{"line":26,"column":24},"end":{"line":26,"column":38}}],"line":26},"2":{"loc":{"start":{"line":34,"column":14},"end":{"line":34,"column":37}},"type":"default-arg","locations":[{"start":{"line":34,"column":24},"end":{"line":34,"column":37}}],"line":34},"3":{"loc":{"start":{"line":42,"column":14},"end":{"line":42,"column":37}},"type":"default-arg","locations":[{"start":{"line":42,"column":24},"end":{"line":42,"column":37}}],"line":42}},"s":{"0":13,"1":13,"2":13,"3":3,"4":5,"5":5,"6":0,"7":1},"f":{"0":13,"1":3,"2":5,"3":5,"4":0},"b":{"0":[0],"1":[5],"2":[2],"3":[0]},"_coverageSchema":"1a1c01bbd47fc00a2c39e90264f33305004495a9","hash":"d92bdf866b2fd84178aecd2a92dae7e35bf60396"}
,"/Users/calebwood/Desktop/Rithm/Week7/exercises/express-jobly/helpers/sql.js": {"path":"/Users/calebwood/Desktop/Rithm/Week7/exercises/express-jobly/helpers/sql.js","statementMap":{"0":{"start":{"line":1,"column":28},"end":{"line":1,"column":54}},"1":{"start":{"line":14,"column":15},"end":{"line":14,"column":40}},"2":{"start":{"line":15,"column":2},"end":{"line":15,"column":62}},"3":{"start":{"line":15,"column":25},"end":{"line":15,"column":62}},"4":{"start":{"line":18,"column":15},"end":{"line":20,"column":3}},"5":{"start":{"line":19,"column":6},"end":{"line":19,"column":52}},"6":{"start":{"line":22,"column":2},"end":{"line":25,"column":4}},"7":{"start":{"line":28,"column":0},"end":{"line":28,"column":41}}},"fnMap":{"0":{"name":"sqlForPartialUpdate","decl":{"start":{"line":13,"column":9},"end":{"line":13,"column":28}},"loc":{"start":{"line":13,"column":52},"end":{"line":26,"column":1}},"line":13},"1":{"name":"(anonymous_1)","decl":{"start":{"line":18,"column":24},"end":{"line":18,"column":25}},"loc":{"start":{"line":19,"column":6},"end":{"line":19,"column":52}},"line":19}},"branchMap":{"0":{"loc":{"start":{"line":15,"column":2},"end":{"line":15,"column":62}},"type":"if","locations":[{"start":{"line":15,"column":2},"end":{"line":15,"column":62}},{"start":{},"end":{}}],"line":15},"1":{"loc":{"start":{"line":19,"column":10},"end":{"line":19,"column":37}},"type":"binary-expr","locations":[{"start":{"line":19,"column":10},"end":{"line":19,"column":26}},{"start":{"line":19,"column":30},"end":{"line":19,"column":37}}],"line":19}},"s":{"0":1,"1":3,"2":3,"3":0,"4":3,"5":3,"6":3,"7":1},"f":{"0":3,"1":3},"b":{"0":[0,3],"1":[3,1]},"_coverageSchema":"1a1c01bbd47fc00a2c39e90264f33305004495a9","hash":"a9bc8e61a461ac4f76961d368a4cafbf6b7abedd"}
,"/Users/calebwood/Desktop/Rithm/Week7/exercises/express-jobly/helpers/tokens.js": {"path":"/Users/calebwood/Desktop/Rithm/Week7/exercises/express-jobly/helpers/tokens.js","statementMap":{"0":{"start":{"line":1,"column":12},"end":{"line":1,"column":35}},"1":{"start":{"line":2,"column":23},"end":{"line":2,"column":43}},"2":{"start":{"line":7,"column":2},"end":{"line":8,"column":58}},"3":{"start":{"line":10,"column":16},"end":{"line":13,"column":3}},"4":{"start":{"line":15,"column":2},"end":{"line":15,"column":39}},"5":{"start":{"line":18,"column":0},"end":{"line":18,"column":33}}},"fnMap":{"0":{"name":"createToken","decl":{"start":{"line":6,"column":9},"end":{"line":6,"column":20}},"loc":{"start":{"line":6,"column":27},"end":{"line":16,"column":1}},"line":6}},"branchMap":{"0":{"loc":{"start":{"line":12,"column":13},"end":{"line":12,"column":34}},"type":"binary-expr","locations":[{"start":{"line":12,"column":13},"end":{"line":12,"column":25}},{"start":{"line":12,"column":29},"end":{"line":12,"column":34}}],"line":12}},"s":{"0":1,"1":1,"2":4,"3":4,"4":4,"5":1},"f":{"0":4},"b":{"0":[4,2]},"_coverageSchema":"1a1c01bbd47fc00a2c39e90264f33305004495a9","hash":"bc761fe0ea7cd83d9246523af5943342285054c1"}
,"/Users/calebwood/Desktop/Rithm/Week7/exercises/express-jobly/middleware/auth.js": {"path":"/Users/calebwood/Desktop/Rithm/Week7/exercises/express-jobly/middleware/auth.js","statementMap":{"0":{"start":{"line":5,"column":12},"end":{"line":5,"column":35}},"1":{"start":{"line":6,"column":23},"end":{"line":6,"column":43}},"2":{"start":{"line":7,"column":30},"end":{"line":7,"column":56}},"3":{"start":{"line":18,"column":2},"end":{"line":27,"column":3}},"4":{"start":{"line":19,"column":23},"end":{"line":19,"column":63}},"5":{"start":{"line":20,"column":4},"end":{"line":23,"column":5}},"6":{"start":{"line":21,"column":20},"end":{"line":21,"column":64}},"7":{"start":{"line":22,"column":6},"end":{"line":22,"column":54}},"8":{"start":{"line":24,"column":4},"end":{"line":24,"column":18}},"9":{"start":{"line":26,"column":4},"end":{"line":26,"column":18}},"10":{"start":{"line":36,"column":2},"end":{"line":41,"column":3}},"11":{"start":{"line":37,"column":4},"end":{"line":37,"column":56}},"12":{"start":{"line":37,"column":26},"end":{"line":37,"column":56}},"13":{"start":{"line":38,"column":4},"end":{"line":38,"column":18}},"14":{"start":{"line":40,"column":4},"end":{"line":40,"column":21}},"15":{"start":{"line":46,"column":2},"end":{"line":53,"column":3}},"16":{"start":{"line":47,"column":4},"end":{"line":49,"column":5}},"17":{"start":{"line":48,"column":6},"end":{"line":48,"column":36}},"18":{"start":{"line":50,"column":4},"end":{"line":50,"column":18}},"19":{"start":{"line":52,"column":4},"end":{"line":52,"column":21}},"20":{"start":{"line":57,"column":2},"end":{"line":67,"column":3}},"21":{"start":{"line":58,"column":17},"end":{"line":58,"column":32}},"22":{"start":{"line":59,"column":4},"end":{"line":59,"column":45}},"23":{"start":{"line":59,"column":15},"end":{"line":59,"column":45}},"24":{"start":{"line":60,"column":4},"end":{"line":63,"column":5}},"25":{"start":{"line":62,"column":6},"end":{"line":62,"column":36}},"26":{"start":{"line":64,"column":4},"end":{"line":64,"column":18}},"27":{"start":{"line":66,"column":4},"end":{"line":66,"column":21}},"28":{"start":{"line":70,"column":0},"end":{"line":75,"column":2}}},"fnMap":{"0":{"name":"authenticateJWT","decl":{"start":{"line":17,"column":9},"end":{"line":17,"column":24}},"loc":{"start":{"line":17,"column":41},"end":{"line":28,"column":1}},"line":17},"1":{"name":"ensureLoggedIn","decl":{"start":{"line":35,"column":9},"end":{"line":35,"column":23}},"loc":{"start":{"line":35,"column":40},"end":{"line":42,"column":1}},"line":35},"2":{"name":"ensureAdmin","decl":{"start":{"line":45,"column":9},"end":{"line":45,"column":20}},"loc":{"start":{"line":45,"column":37},"end":{"line":54,"column":1}},"line":45},"3":{"name":"ensureAdminOrCorrectUser","decl":{"start":{"line":56,"column":9},"end":{"line":56,"column":33}},"loc":{"start":{"line":56,"column":50},"end":{"line":68,"column":1}},"line":56}},"branchMap":{"0":{"loc":{"start":{"line":19,"column":23},"end":{"line":19,"column":63}},"type":"binary-expr","locations":[{"start":{"line":19,"column":23},"end":{"line":19,"column":34}},{"start":{"line":19,"column":38},"end":{"line":19,"column":63}}],"line":19},"1":{"loc":{"start":{"line":20,"column":4},"end":{"line":23,"column":5}},"type":"if","locations":[{"start":{"line":20,"column":4},"end":{"line":23,"column":5}},{"start":{},"end":{}}],"line":20},"2":{"loc":{"start":{"line":37,"column":4},"end":{"line":37,"column":56}},"type":"if","locations":[{"start":{"line":37,"column":4},"end":{"line":37,"column":56}},{"start":{},"end":{}}],"line":37},"3":{"loc":{"start":{"line":47,"column":4},"end":{"line":49,"column":5}},"type":"if","locations":[{"start":{"line":47,"column":4},"end":{"line":49,"column":5}},{"start":{},"end":{}}],"line":47},"4":{"loc":{"start":{"line":47,"column":8},"end":{"line":47,"column":52}},"type":"binary-expr","locations":[{"start":{"line":47,"column":8},"end":{"line":47,"column":24}},{"start":{"line":47,"column":28},"end":{"line":47,"column":52}}],"line":47},"5":{"loc":{"start":{"line":59,"column":4},"end":{"line":59,"column":45}},"type":"if","locations":[{"start":{"line":59,"column":4},"end":{"line":59,"column":45}},{"start":{},"end":{}}],"line":59},"6":{"loc":{"start":{"line":60,"column":4},"end":{"line":63,"column":5}},"type":"if","locations":[{"start":{"line":60,"column":4},"end":{"line":63,"column":5}},{"start":{},"end":{}}],"line":60},"7":{"loc":{"start":{"line":60,"column":10},"end":{"line":60,"column":62}},"type":"binary-expr","locations":[{"start":{"line":60,"column":10},"end":{"line":60,"column":22}},{"start":{"line":60,"column":26},"end":{"line":60,"column":62}}],"line":60}},"s":{"0":1,"1":1,"2":1,"3":23,"4":23,"5":23,"6":18,"7":18,"8":23,"9":0,"10":0,"11":0,"12":0,"13":0,"14":0,"15":8,"16":8,"17":2,"18":6,"19":2,"20":15,"21":15,"22":15,"23":3,"24":12,"25":0,"26":12,"27":3,"28":1},"f":{"0":23,"1":0,"2":8,"3":15},"b":{"0":[23,23],"1":[18,5],"2":[0,0],"3":[2,6],"4":[8,6],"5":[3,12],"6":[0,12],"7":[12,7]},"_coverageSchema":"1a1c01bbd47fc00a2c39e90264f33305004495a9","hash":"19ce8e97bf225b1a87e1a776a15b5a4c2e3238a0"}
,"/Users/calebwood/Desktop/Rithm/Week7/exercises/express-jobly/models/company.js": {"path":"/Users/calebwood/Desktop/Rithm/Week7/exercises/express-jobly/models/company.js","statementMap":{"0":{"start":{"line":3,"column":11},"end":{"line":3,"column":27}},"1":{"start":{"line":4,"column":43},"end":{"line":4,"column":69}},"2":{"start":{"line":5,"column":32},"end":{"line":5,"column":57}},"3":{"start":{"line":20,"column":27},"end":{"line":25,"column":5}},"4":{"start":{"line":27,"column":4},"end":{"line":28,"column":64}},"5":{"start":{"line":28,"column":6},"end":{"line":28,"column":64}},"6":{"start":{"line":30,"column":19},"end":{"line":41,"column":5}},"7":{"start":{"line":42,"column":20},"end":{"line":42,"column":34}},"8":{"start":{"line":44,"column":4},"end":{"line":44,"column":19}},"9":{"start":{"line":60,"column":19},"end":{"line":60,"column":21}},"10":{"start":{"line":61,"column":17},"end":{"line":61,"column":19}},"11":{"start":{"line":63,"column":4},"end":{"line":66,"column":5}},"12":{"start":{"line":64,"column":6},"end":{"line":64,"column":32}},"13":{"start":{"line":65,"column":6},"end":{"line":65,"column":58}},"14":{"start":{"line":67,"column":4},"end":{"line":70,"column":5}},"15":{"start":{"line":68,"column":6},"end":{"line":68,"column":32}},"16":{"start":{"line":69,"column":6},"end":{"line":69,"column":58}},"17":{"start":{"line":71,"column":4},"end":{"line":74,"column":5}},"18":{"start":{"line":72,"column":6},"end":{"line":72,"column":31}},"19":{"start":{"line":73,"column":6},"end":{"line":73,"column":52}},"20":{"start":{"line":76,"column":18},"end":{"line":76,"column":78}},"21":{"start":{"line":77,"column":4},"end":{"line":77,"column":29}},"22":{"start":{"line":89,"column":49},"end":{"line":89,"column":56}},"23":{"start":{"line":91,"column":30},"end":{"line":95,"column":6}},"24":{"start":{"line":97,"column":25},"end":{"line":106,"column":5}},"25":{"start":{"line":107,"column":4},"end":{"line":107,"column":29}},"26":{"start":{"line":119,"column":23},"end":{"line":128,"column":5}},"27":{"start":{"line":130,"column":20},"end":{"line":130,"column":38}},"28":{"start":{"line":132,"column":4},"end":{"line":132,"column":67}},"29":{"start":{"line":132,"column":18},"end":{"line":132,"column":67}},"30":{"start":{"line":134,"column":19},"end":{"line":140,"column":5}},"31":{"start":{"line":142,"column":4},"end":{"line":142,"column":31}},"32":{"start":{"line":144,"column":4},"end":{"line":144,"column":19}},"33":{"start":{"line":160,"column":32},"end":{"line":163,"column":6}},"34":{"start":{"line":164,"column":25},"end":{"line":164,"column":50}},"35":{"start":{"line":166,"column":21},"end":{"line":170,"column":100}},"36":{"start":{"line":171,"column":19},"end":{"line":171,"column":64}},"37":{"start":{"line":172,"column":20},"end":{"line":172,"column":34}},"38":{"start":{"line":174,"column":4},"end":{"line":174,"column":67}},"39":{"start":{"line":174,"column":18},"end":{"line":174,"column":67}},"40":{"start":{"line":176,"column":4},"end":{"line":176,"column":19}},"41":{"start":{"line":185,"column":19},"end":{"line":191,"column":5}},"42":{"start":{"line":192,"column":20},"end":{"line":192,"column":34}},"43":{"start":{"line":194,"column":4},"end":{"line":194,"column":67}},"44":{"start":{"line":194,"column":18},"end":{"line":194,"column":67}},"45":{"start":{"line":198,"column":0},"end":{"line":198,"column":25}}},"fnMap":{"0":{"name":"(anonymous_0)","decl":{"start":{"line":19,"column":2},"end":{"line":19,"column":3}},"loc":{"start":{"line":19,"column":76},"end":{"line":45,"column":3}},"line":19},"1":{"name":"(anonymous_1)","decl":{"start":{"line":59,"column":2},"end":{"line":59,"column":3}},"loc":{"start":{"line":59,"column":62},"end":{"line":78,"column":3}},"line":59},"2":{"name":"(anonymous_2)","decl":{"start":{"line":88,"column":2},"end":{"line":88,"column":3}},"loc":{"start":{"line":88,"column":37},"end":{"line":108,"column":3}},"line":88},"3":{"name":"(anonymous_3)","decl":{"start":{"line":118,"column":2},"end":{"line":118,"column":3}},"loc":{"start":{"line":118,"column":27},"end":{"line":145,"column":3}},"line":118},"4":{"name":"(anonymous_4)","decl":{"start":{"line":159,"column":2},"end":{"line":159,"column":3}},"loc":{"start":{"line":159,"column":36},"end":{"line":177,"column":3}},"line":159},"5":{"name":"(anonymous_5)","decl":{"start":{"line":184,"column":2},"end":{"line":184,"column":3}},"loc":{"start":{"line":184,"column":30},"end":{"line":195,"column":3}},"line":184}},"branchMap":{"0":{"loc":{"start":{"line":27,"column":4},"end":{"line":28,"column":64}},"type":"if","locations":[{"start":{"line":27,"column":4},"end":{"line":28,"column":64}},{"start":{},"end":{}}],"line":27},"1":{"loc":{"start":{"line":63,"column":4},"end":{"line":66,"column":5}},"type":"if","locations":[{"start":{"line":63,"column":4},"end":{"line":66,"column":5}},{"start":{},"end":{}}],"line":63},"2":{"loc":{"start":{"line":67,"column":4},"end":{"line":70,"column":5}},"type":"if","locations":[{"start":{"line":67,"column":4},"end":{"line":70,"column":5}},{"start":{},"end":{}}],"line":67},"3":{"loc":{"start":{"line":71,"column":4},"end":{"line":74,"column":5}},"type":"if","locations":[{"start":{"line":71,"column":4},"end":{"line":74,"column":5}},{"start":{},"end":{}}],"line":71},"4":{"loc":{"start":{"line":76,"column":18},"end":{"line":76,"column":78}},"type":"cond-expr","locations":[{"start":{"line":76,"column":40},"end":{"line":76,"column":73}},{"start":{"line":76,"column":76},"end":{"line":76,"column":78}}],"line":76},"5":{"loc":{"start":{"line":88,"column":23},"end":{"line":88,"column":35}},"type":"default-arg","locations":[{"start":{"line":88,"column":33},"end":{"line":88,"column":35}}],"line":88},"6":{"loc":{"start":{"line":132,"column":4},"end":{"line":132,"column":67}},"type":"if","locations":[{"start":{"line":132,"column":4},"end":{"line":132,"column":67}},{"start":{},"end":{}}],"line":132},"7":{"loc":{"start":{"line":174,"column":4},"end":{"line":174,"column":67}},"type":"if","locations":[{"start":{"line":174,"column":4},"end":{"line":174,"column":67}},{"start":{},"end":{}}],"line":174},"8":{"loc":{"start":{"line":194,"column":4},"end":{"line":194,"column":67}},"type":"if","locations":[{"start":{"line":194,"column":4},"end":{"line":194,"column":67}},{"start":{},"end":{}}],"line":194}},"s":{"0":1,"1":1,"2":1,"3":3,"4":3,"5":0,"6":3,"7":3,"8":3,"9":0,"10":0,"11":0,"12":0,"13":0,"14":0,"15":0,"16":0,"17":0,"18":0,"19":0,"20":0,"21":0,"22":0,"23":0,"24":0,"25":0,"26":0,"27":0,"28":0,"29":0,"30":0,"31":0,"32":0,"33":0,"34":0,"35":0,"36":0,"37":0,"38":0,"39":0,"40":0,"41":0,"42":0,"43":0,"44":0,"45":1},"f":{"0":3,"1":0,"2":0,"3":0,"4":0,"5":0},"b":{"0":[0,3],"1":[0,0],"2":[0,0],"3":[0,0],"4":[0,0],"5":[0],"6":[0,0],"7":[0,0],"8":[0,0]},"_coverageSchema":"1a1c01bbd47fc00a2c39e90264f33305004495a9","hash":"0ef3cf84aea5aa9256f504dcfacaf0bba6a129eb"}
,"/Users/calebwood/Desktop/Rithm/Week7/exercises/express-jobly/models/jobs.js": {"path":"/Users/calebwood/Desktop/Rithm/Week7/exercises/express-jobly/models/jobs.js","statementMap":{"0":{"start":{"line":2,"column":11},"end":{"line":2,"column":27}},"1":{"start":{"line":3,"column":43},"end":{"line":3,"column":69}},"2":{"start":{"line":4,"column":32},"end":{"line":4,"column":57}},"3":{"start":{"line":17,"column":19},"end":{"line":22,"column":5}},"4":{"start":{"line":24,"column":16},"end":{"line":24,"column":30}},"5":{"start":{"line":25,"column":4},"end":{"line":25,"column":15}},"6":{"start":{"line":41,"column":19},"end":{"line":41,"column":21}},"7":{"start":{"line":42,"column":17},"end":{"line":42,"column":19}},"8":{"start":{"line":44,"column":4},"end":{"line":47,"column":5}},"9":{"start":{"line":45,"column":6},"end":{"line":45,"column":29}},"10":{"start":{"line":46,"column":6},"end":{"line":46,"column":51}},"11":{"start":{"line":48,"column":4},"end":{"line":51,"column":5}},"12":{"start":{"line":49,"column":6},"end":{"line":49,"column":32}},"13":{"start":{"line":50,"column":6},"end":{"line":50,"column":53}},"14":{"start":{"line":52,"column":4},"end":{"line":54,"column":5}},"15":{"start":{"line":53,"column":6},"end":{"line":53,"column":34}},"16":{"start":{"line":56,"column":18},"end":{"line":56,"column":78}},"17":{"start":{"line":57,"column":4},"end":{"line":57,"column":29}},"18":{"start":{"line":68,"column":44},"end":{"line":68,"column":51}},"19":{"start":{"line":70,"column":30},"end":{"line":74,"column":6}},"20":{"start":{"line":76,"column":21},"end":{"line":82,"column":5}},"21":{"start":{"line":84,"column":4},"end":{"line":84,"column":25}},"22":{"start":{"line":96,"column":20},"end":{"line":102,"column":5}},"23":{"start":{"line":104,"column":16},"end":{"line":104,"column":31}},"24":{"start":{"line":105,"column":4},"end":{"line":105,"column":63}},"25":{"start":{"line":105,"column":14},"end":{"line":105,"column":63}},"26":{"start":{"line":107,"column":4},"end":{"line":107,"column":15}},"27":{"start":{"line":123,"column":32},"end":{"line":123,"column":61}},"28":{"start":{"line":125,"column":21},"end":{"line":129,"column":60}},"29":{"start":{"line":130,"column":19},"end":{"line":130,"column":56}},"30":{"start":{"line":131,"column":16},"end":{"line":131,"column":30}},"31":{"start":{"line":133,"column":4},"end":{"line":133,"column":58}},"32":{"start":{"line":133,"column":14},"end":{"line":133,"column":58}},"33":{"start":{"line":135,"column":4},"end":{"line":135,"column":15}},"34":{"start":{"line":143,"column":19},"end":{"line":149,"column":5}},"35":{"start":{"line":150,"column":16},"end":{"line":150,"column":30}},"36":{"start":{"line":152,"column":4},"end":{"line":152,"column":58}},"37":{"start":{"line":152,"column":14},"end":{"line":152,"column":58}},"38":{"start":{"line":156,"column":0},"end":{"line":156,"column":21}}},"fnMap":{"0":{"name":"(anonymous_0)","decl":{"start":{"line":16,"column":2},"end":{"line":16,"column":3}},"loc":{"start":{"line":16,"column":65},"end":{"line":26,"column":3}},"line":16},"1":{"name":"(anonymous_1)","decl":{"start":{"line":40,"column":2},"end":{"line":40,"column":3}},"loc":{"start":{"line":40,"column":57},"end":{"line":58,"column":3}},"line":40},"2":{"name":"(anonymous_2)","decl":{"start":{"line":67,"column":2},"end":{"line":67,"column":3}},"loc":{"start":{"line":67,"column":37},"end":{"line":85,"column":3}},"line":67},"3":{"name":"(anonymous_3)","decl":{"start":{"line":95,"column":2},"end":{"line":95,"column":3}},"loc":{"start":{"line":95,"column":23},"end":{"line":108,"column":3}},"line":95},"4":{"name":"(anonymous_4)","decl":{"start":{"line":122,"column":2},"end":{"line":122,"column":3}},"loc":{"start":{"line":122,"column":32},"end":{"line":136,"column":3}},"line":122},"5":{"name":"(anonymous_5)","decl":{"start":{"line":142,"column":2},"end":{"line":142,"column":3}},"loc":{"start":{"line":142,"column":26},"end":{"line":153,"column":3}},"line":142}},"branchMap":{"0":{"loc":{"start":{"line":44,"column":4},"end":{"line":47,"column":5}},"type":"if","locations":[{"start":{"line":44,"column":4},"end":{"line":47,"column":5}},{"start":{},"end":{}}],"line":44},"1":{"loc":{"start":{"line":48,"column":4},"end":{"line":51,"column":5}},"type":"if","locations":[{"start":{"line":48,"column":4},"end":{"line":51,"column":5}},{"start":{},"end":{}}],"line":48},"2":{"loc":{"start":{"line":52,"column":4},"end":{"line":54,"column":5}},"type":"if","locations":[{"start":{"line":52,"column":4},"end":{"line":54,"column":5}},{"start":{},"end":{}}],"line":52},"3":{"loc":{"start":{"line":56,"column":18},"end":{"line":56,"column":78}},"type":"cond-expr","locations":[{"start":{"line":56,"column":40},"end":{"line":56,"column":73}},{"start":{"line":56,"column":76},"end":{"line":56,"column":78}}],"line":56},"4":{"loc":{"start":{"line":67,"column":23},"end":{"line":67,"column":35}},"type":"default-arg","locations":[{"start":{"line":67,"column":33},"end":{"line":67,"column":35}}],"line":67},"5":{"loc":{"start":{"line":105,"column":4},"end":{"line":105,"column":63}},"type":"if","locations":[{"start":{"line":105,"column":4},"end":{"line":105,"column":63}},{"start":{},"end":{}}],"line":105},"6":{"loc":{"start":{"line":133,"column":4},"end":{"line":133,"column":58}},"type":"if","locations":[{"start":{"line":133,"column":4},"end":{"line":133,"column":58}},{"start":{},"end":{}}],"line":133},"7":{"loc":{"start":{"line":152,"column":4},"end":{"line":152,"column":58}},"type":"if","locations":[{"start":{"line":152,"column":4},"end":{"line":152,"column":58}},{"start":{},"end":{}}],"line":152}},"s":{"0":1,"1":1,"2":1,"3":0,"4":0,"5":0,"6":0,"7":0,"8":0,"9":0,"10":0,"11":0,"12":0,"13":0,"14":0,"15":0,"16":0,"17":0,"18":0,"19":0,"20":0,"21":0,"22":0,"23":0,"24":0,"25":0,"26":0,"27":0,"28":0,"29":0,"30":0,"31":0,"32":0,"33":0,"34":0,"35":0,"36":0,"37":0,"38":1},"f":{"0":0,"1":0,"2":0,"3":0,"4":0,"5":0},"b":{"0":[0,0],"1":[0,0],"2":[0,0],"3":[0,0],"4":[0],"5":[0,0],"6":[0,0],"7":[0,0]},"_coverageSchema":"1a1c01bbd47fc00a2c39e90264f33305004495a9","hash":"50e313c5a243319602da47f9d4a1a06e773300e0"}
,"/Users/calebwood/Desktop/Rithm/Week7/exercises/express-jobly/models/user.js": {"path":"/Users/calebwood/Desktop/Rithm/Week7/exercises/express-jobly/models/user.js","statementMap":{"0":{"start":{"line":3,"column":11},"end":{"line":3,"column":27}},"1":{"start":{"line":4,"column":15},"end":{"line":4,"column":32}},"2":{"start":{"line":5,"column":32},"end":{"line":5,"column":57}},"3":{"start":{"line":10,"column":4},"end":{"line":10,"column":30}},"4":{"start":{"line":12,"column":31},"end":{"line":12,"column":54}},"5":{"start":{"line":26,"column":19},"end":{"line":36,"column":5}},"6":{"start":{"line":38,"column":17},"end":{"line":38,"column":31}},"7":{"start":{"line":40,"column":4},"end":{"line":47,"column":5}},"8":{"start":{"line":42,"column":22},"end":{"line":42,"column":67}},"9":{"start":{"line":43,"column":6},"end":{"line":46,"column":7}},"10":{"start":{"line":44,"column":8},"end":{"line":44,"column":29}},"11":{"start":{"line":45,"column":8},"end":{"line":45,"column":20}},"12":{"start":{"line":49,"column":4},"end":{"line":49,"column":61}},"13":{"start":{"line":67,"column":27},"end":{"line":72,"column":5}},"14":{"start":{"line":74,"column":4},"end":{"line":76,"column":5}},"15":{"start":{"line":75,"column":6},"end":{"line":75,"column":67}},"16":{"start":{"line":78,"column":27},"end":{"line":78,"column":74}},"17":{"start":{"line":80,"column":19},"end":{"line":91,"column":5}},"18":{"start":{"line":93,"column":17},"end":{"line":93,"column":31}},"19":{"start":{"line":95,"column":4},"end":{"line":95,"column":16}},"20":{"start":{"line":104,"column":19},"end":{"line":112,"column":5}},"21":{"start":{"line":114,"column":4},"end":{"line":114,"column":23}},"22":{"start":{"line":126,"column":20},"end":{"line":135,"column":5}},"23":{"start":{"line":137,"column":17},"end":{"line":137,"column":32}},"24":{"start":{"line":138,"column":4},"end":{"line":138,"column":63}},"25":{"start":{"line":138,"column":15},"end":{"line":138,"column":63}},"26":{"start":{"line":140,"column":19},"end":{"line":146,"column":5}},"27":{"start":{"line":148,"column":4},"end":{"line":148,"column":51}},"28":{"start":{"line":148,"column":39},"end":{"line":148,"column":49}},"29":{"start":{"line":150,"column":4},"end":{"line":150,"column":16}},"30":{"start":{"line":171,"column":4},"end":{"line":173,"column":5}},"31":{"start":{"line":172,"column":6},"end":{"line":172,"column":75}},"32":{"start":{"line":175,"column":32},"end":{"line":179,"column":6}},"33":{"start":{"line":180,"column":27},"end":{"line":180,"column":52}},"34":{"start":{"line":182,"column":21},"end":{"line":189,"column":54}},"35":{"start":{"line":190,"column":19},"end":{"line":190,"column":66}},"36":{"start":{"line":191,"column":17},"end":{"line":191,"column":31}},"37":{"start":{"line":193,"column":4},"end":{"line":193,"column":63}},"38":{"start":{"line":193,"column":15},"end":{"line":193,"column":63}},"39":{"start":{"line":195,"column":4},"end":{"line":195,"column":25}},"40":{"start":{"line":196,"column":4},"end":{"line":196,"column":16}},"41":{"start":{"line":202,"column":17},"end":{"line":208,"column":5}},"42":{"start":{"line":209,"column":17},"end":{"line":209,"column":31}},"43":{"start":{"line":211,"column":4},"end":{"line":211,"column":63}},"44":{"start":{"line":211,"column":15},"end":{"line":211,"column":63}},"45":{"start":{"line":219,"column":4},"end":{"line":227,"column":5}},"46":{"start":{"line":220,"column":6},"end":{"line":224,"column":8}},"47":{"start":{"line":226,"column":6},"end":{"line":226,"column":34}},"48":{"start":{"line":231,"column":0},"end":{"line":231,"column":22}}},"fnMap":{"0":{"name":"(anonymous_0)","decl":{"start":{"line":24,"column":2},"end":{"line":24,"column":3}},"loc":{"start":{"line":24,"column":48},"end":{"line":50,"column":3}},"line":24},"1":{"name":"(anonymous_1)","decl":{"start":{"line":59,"column":2},"end":{"line":59,"column":3}},"loc":{"start":{"line":66,"column":5},"end":{"line":96,"column":3}},"line":66},"2":{"name":"(anonymous_2)","decl":{"start":{"line":103,"column":2},"end":{"line":103,"column":3}},"loc":{"start":{"line":103,"column":25},"end":{"line":115,"column":3}},"line":103},"3":{"name":"(anonymous_3)","decl":{"start":{"line":125,"column":2},"end":{"line":125,"column":3}},"loc":{"start":{"line":125,"column":29},"end":{"line":151,"column":3}},"line":125},"4":{"name":"(anonymous_4)","decl":{"start":{"line":148,"column":32},"end":{"line":148,"column":33}},"loc":{"start":{"line":148,"column":39},"end":{"line":148,"column":49}},"line":148},"5":{"name":"(anonymous_5)","decl":{"start":{"line":170,"column":2},"end":{"line":170,"column":3}},"loc":{"start":{"line":170,"column":38},"end":{"line":197,"column":3}},"line":170},"6":{"name":"(anonymous_6)","decl":{"start":{"line":201,"column":2},"end":{"line":201,"column":3}},"loc":{"start":{"line":201,"column":32},"end":{"line":212,"column":3}},"line":201},"7":{"name":"(anonymous_7)","decl":{"start":{"line":218,"column":2},"end":{"line":218,"column":3}},"loc":{"start":{"line":218,"column":43},"end":{"line":228,"column":3}},"line":218}},"branchMap":{"0":{"loc":{"start":{"line":40,"column":4},"end":{"line":47,"column":5}},"type":"if","locations":[{"start":{"line":40,"column":4},"end":{"line":47,"column":5}},{"start":{},"end":{}}],"line":40},"1":{"loc":{"start":{"line":43,"column":6},"end":{"line":46,"column":7}},"type":"if","locations":[{"start":{"line":43,"column":6},"end":{"line":46,"column":7}},{"start":{},"end":{}}],"line":43},"2":{"loc":{"start":{"line":74,"column":4},"end":{"line":76,"column":5}},"type":"if","locations":[{"start":{"line":74,"column":4},"end":{"line":76,"column":5}},{"start":{},"end":{}}],"line":74},"3":{"loc":{"start":{"line":138,"column":4},"end":{"line":138,"column":63}},"type":"if","locations":[{"start":{"line":138,"column":4},"end":{"line":138,"column":63}},{"start":{},"end":{}}],"line":138},"4":{"loc":{"start":{"line":171,"column":4},"end":{"line":173,"column":5}},"type":"if","locations":[{"start":{"line":171,"column":4},"end":{"line":173,"column":5}},{"start":{},"end":{}}],"line":171},"5":{"loc":{"start":{"line":193,"column":4},"end":{"line":193,"column":63}},"type":"if","locations":[{"start":{"line":193,"column":4},"end":{"line":193,"column":63}},{"start":{},"end":{}}],"line":193},"6":{"loc":{"start":{"line":211,"column":4},"end":{"line":211,"column":63}},"type":"if","locations":[{"start":{"line":211,"column":4},"end":{"line":211,"column":63}},{"start":{},"end":{}}],"line":211}},"s":{"0":1,"1":1,"2":1,"3":1,"4":1,"5":1,"6":1,"7":1,"8":1,"9":1,"10":1,"11":1,"12":0,"13":5,"14":5,"15":0,"16":5,"17":5,"18":5,"19":5,"20":2,"21":1,"22":2,"23":2,"24":2,"25":1,"26":1,"27":1,"28":0,"29":1,"30":3,"31":1,"32":3,"33":3,"34":3,"35":3,"36":3,"37":3,"38":1,"39":2,"40":2,"41":2,"42":2,"43":2,"44":1,"45":4,"46":4,"47":2,"48":1},"f":{"0":1,"1":5,"2":2,"3":2,"4":0,"5":3,"6":2,"7":4},"b":{"0":[1,0],"1":[1,0],"2":[0,5],"3":[1,1],"4":[1,2],"5":[1,2],"6":[1,1]},"_coverageSchema":"1a1c01bbd47fc00a2c39e90264f33305004495a9","hash":"ee8bf06f10fe4a394d9cde1015a2be6ed42fb283"}
,"/Users/calebwood/Desktop/Rithm/Week7/exercises/express-jobly/routes/_testCommon.js": {"path":"/Users/calebwood/Desktop/Rithm/Week7/exercises/express-jobly/routes/_testCommon.js","statementMap":{"0":{"start":{"line":3,"column":11},"end":{"line":3,"column":30}},"1":{"start":{"line":4,"column":13},"end":{"line":4,"column":38}},"2":{"start":{"line":5,"column":16},"end":{"line":5,"column":44}},"3":{"start":{"line":6,"column":24},"end":{"line":6,"column":52}},"4":{"start":{"line":10,"column":2},"end":{"line":10,"column":38}},"5":{"start":{"line":12,"column":2},"end":{"line":12,"column":42}},"6":{"start":{"line":14,"column":2},"end":{"line":20,"column":5}},"7":{"start":{"line":21,"column":2},"end":{"line":27,"column":5}},"8":{"start":{"line":28,"column":2},"end":{"line":34,"column":5}},"9":{"start":{"line":36,"column":2},"end":{"line":43,"column":5}},"10":{"start":{"line":44,"column":2},"end":{"line":51,"column":5}},"11":{"start":{"line":52,"column":2},"end":{"line":59,"column":5}},"12":{"start":{"line":61,"column":2},"end":{"line":67,"column":17}},"13":{"start":{"line":72,"column":2},"end":{"line":72,"column":26}},"14":{"start":{"line":76,"column":2},"end":{"line":76,"column":29}},"15":{"start":{"line":80,"column":2},"end":{"line":80,"column":17}},"16":{"start":{"line":83,"column":16},"end":{"line":83,"column":63}},"17":{"start":{"line":84,"column":19},"end":{"line":84,"column":65}},"18":{"start":{"line":86,"column":0},"end":{"line":93,"column":2}}},"fnMap":{"0":{"name":"commonBeforeAll","decl":{"start":{"line":8,"column":15},"end":{"line":8,"column":30}},"loc":{"start":{"line":8,"column":33},"end":{"line":69,"column":1}},"line":8},"1":{"name":"commonBeforeEach","decl":{"start":{"line":71,"column":15},"end":{"line":71,"column":31}},"loc":{"start":{"line":71,"column":34},"end":{"line":73,"column":1}},"line":71},"2":{"name":"commonAfterEach","decl":{"start":{"line":75,"column":15},"end":{"line":75,"column":30}},"loc":{"start":{"line":75,"column":33},"end":{"line":77,"column":1}},"line":75},"3":{"name":"commonAfterAll","decl":{"start":{"line":79,"column":15},"end":{"line":79,"column":29}},"loc":{"start":{"line":79,"column":32},"end":{"line":81,"column":1}},"line":79}},"branchMap":{},"s":{"0":1,"1":1,"2":1,"3":1,"4":1,"5":1,"6":1,"7":1,"8":1,"9":1,"10":1,"11":1,"12":1,"13":23,"14":23,"15":1,"16":1,"17":1,"18":1},"f":{"0":1,"1":23,"2":23,"3":1},"b":{},"_coverageSchema":"1a1c01bbd47fc00a2c39e90264f33305004495a9","hash":"c3979740f67c1aedbec7f1099a874984f930c076"}
,"/Users/calebwood/Desktop/Rithm/Week7/exercises/express-jobly/routes/auth.js": {"path":"/Users/calebwood/Desktop/Rithm/Week7/exercises/express-jobly/routes/auth.js","statementMap":{"0":{"start":{"line":5,"column":19},"end":{"line":5,"column":40}},"1":{"start":{"line":7,"column":13},"end":{"line":7,"column":38}},"2":{"start":{"line":8,"column":16},"end":{"line":8,"column":34}},"3":{"start":{"line":9,"column":15},"end":{"line":9,"column":35}},"4":{"start":{"line":10,"column":24},"end":{"line":10,"column":52}},"5":{"start":{"line":11,"column":23},"end":{"line":11,"column":58}},"6":{"start":{"line":12,"column":27},"end":{"line":12,"column":66}},"7":{"start":{"line":13,"column":28},"end":{"line":13,"column":54}},"8":{"start":{"line":22,"column":0},"end":{"line":33,"column":3}},"9":{"start":{"line":23,"column":20},"end":{"line":23,"column":65}},"10":{"start":{"line":24,"column":2},"end":{"line":27,"column":3}},"11":{"start":{"line":25,"column":17},"end":{"line":25,"column":51}},"12":{"start":{"line":25,"column":43},"end":{"line":25,"column":50}},"13":{"start":{"line":26,"column":4},"end":{"line":26,"column":36}},"14":{"start":{"line":29,"column":33},"end":{"line":29,"column":41}},"15":{"start":{"line":30,"column":15},"end":{"line":30,"column":58}},"16":{"start":{"line":31,"column":16},"end":{"line":31,"column":33}},"17":{"start":{"line":32,"column":2},"end":{"line":32,"column":29}},"18":{"start":{"line":45,"column":0},"end":{"line":55,"column":3}},"19":{"start":{"line":46,"column":20},"end":{"line":46,"column":69}},"20":{"start":{"line":47,"column":2},"end":{"line":50,"column":3}},"21":{"start":{"line":48,"column":17},"end":{"line":48,"column":51}},"22":{"start":{"line":48,"column":43},"end":{"line":48,"column":50}},"23":{"start":{"line":49,"column":4},"end":{"line":49,"column":36}},"24":{"start":{"line":52,"column":18},"end":{"line":52,"column":70}},"25":{"start":{"line":53,"column":16},"end":{"line":53,"column":36}},"26":{"start":{"line":54,"column":2},"end":{"line":54,"column":41}},"27":{"start":{"line":58,"column":0},"end":{"line":58,"column":24}}},"fnMap":{"0":{"name":"(anonymous_0)","decl":{"start":{"line":22,"column":22},"end":{"line":22,"column":23}},"loc":{"start":{"line":22,"column":54},"end":{"line":33,"column":1}},"line":22},"1":{"name":"(anonymous_1)","decl":{"start":{"line":25,"column":38},"end":{"line":25,"column":39}},"loc":{"start":{"line":25,"column":43},"end":{"line":25,"column":50}},"line":25},"2":{"name":"(anonymous_2)","decl":{"start":{"line":45,"column":25},"end":{"line":45,"column":26}},"loc":{"start":{"line":45,"column":57},"end":{"line":55,"column":1}},"line":45},"3":{"name":"(anonymous_3)","decl":{"start":{"line":48,"column":38},"end":{"line":48,"column":39}},"loc":{"start":{"line":48,"column":43},"end":{"line":48,"column":50}},"line":48}},"branchMap":{"0":{"loc":{"start":{"line":24,"column":2},"end":{"line":27,"column":3}},"type":"if","locations":[{"start":{"line":24,"column":2},"end":{"line":27,"column":3}},{"start":{},"end":{}}],"line":24},"1":{"loc":{"start":{"line":47,"column":2},"end":{"line":50,"column":3}},"type":"if","locations":[{"start":{"line":47,"column":2},"end":{"line":50,"column":3}},{"start":{},"end":{}}],"line":47}},"s":{"0":1,"1":1,"2":1,"3":1,"4":1,"5":1,"6":1,"7":1,"8":1,"9":0,"10":0,"11":0,"12":0,"13":0,"14":0,"15":0,"16":0,"17":0,"18":1,"19":0,"20":0,"21":0,"22":0,"23":0,"24":0,"25":0,"26":0,"27":1},"f":{"0":0,"1":0,"2":0,"3":0},"b":{"0":[0,0],"1":[0,0]},"_coverageSchema":"1a1c01bbd47fc00a2c39e90264f33305004495a9","hash":"b11748f6f589d086569ce56cb39354993fb0ee39"}
,"/Users/calebwood/Desktop/Rithm/Week7/exercises/express-jobly/routes/companies.js": {"path":"/Users/calebwood/Desktop/Rithm/Week7/exercises/express-jobly/routes/companies.js","statementMap":{"0":{"start":{"line":5,"column":19},"end":{"line":5,"column":40}},"1":{"start":{"line":6,"column":16},"end":{"line":6,"column":34}},"2":{"start":{"line":8,"column":28},"end":{"line":8,"column":54}},"3":{"start":{"line":9,"column":40},"end":{"line":9,"column":69}},"4":{"start":{"line":10,"column":16},"end":{"line":10,"column":44}},"5":{"start":{"line":12,"column":25},"end":{"line":12,"column":62}},"6":{"start":{"line":13,"column":28},"end":{"line":13,"column":68}},"7":{"start":{"line":15,"column":15},"end":{"line":15,"column":35}},"8":{"start":{"line":26,"column":0},"end":{"line":35,"column":3}},"9":{"start":{"line":27,"column":20},"end":{"line":27,"column":67}},"10":{"start":{"line":28,"column":2},"end":{"line":31,"column":3}},"11":{"start":{"line":29,"column":17},"end":{"line":29,"column":53}},"12":{"start":{"line":29,"column":45},"end":{"line":29,"column":52}},"13":{"start":{"line":30,"column":4},"end":{"line":30,"column":36}},"14":{"start":{"line":33,"column":18},"end":{"line":33,"column":48}},"15":{"start":{"line":34,"column":2},"end":{"line":34,"column":43}},"16":{"start":{"line":48,"column":0},"end":{"line":52,"column":3}},"17":{"start":{"line":49,"column":18},"end":{"line":49,"column":27}},"18":{"start":{"line":50,"column":20},"end":{"line":50,"column":50}},"19":{"start":{"line":51,"column":2},"end":{"line":51,"column":33}},"20":{"start":{"line":62,"column":0},"end":{"line":65,"column":3}},"21":{"start":{"line":63,"column":18},"end":{"line":63,"column":54}},"22":{"start":{"line":64,"column":2},"end":{"line":64,"column":31}},"23":{"start":{"line":78,"column":0},"end":{"line":87,"column":3}},"24":{"start":{"line":79,"column":20},"end":{"line":79,"column":70}},"25":{"start":{"line":80,"column":2},"end":{"line":83,"column":3}},"26":{"start":{"line":81,"column":17},"end":{"line":81,"column":53}},"27":{"start":{"line":81,"column":45},"end":{"line":81,"column":52}},"28":{"start":{"line":82,"column":4},"end":{"line":82,"column":36}},"29":{"start":{"line":85,"column":18},"end":{"line":85,"column":67}},"30":{"start":{"line":86,"column":2},"end":{"line":86,"column":31}},"31":{"start":{"line":94,"column":0},"end":{"line":98,"column":3}},"32":{"start":{"line":95,"column":2},"end":{"line":95,"column":42}},"33":{"start":{"line":96,"column":2},"end":{"line":96,"column":34}},"34":{"start":{"line":97,"column":2},"end":{"line":97,"column":50}},"35":{"start":{"line":100,"column":0},"end":{"line":100,"column":24}}},"fnMap":{"0":{"name":"(anonymous_0)","decl":{"start":{"line":26,"column":30},"end":{"line":26,"column":31}},"loc":{"start":{"line":26,"column":62},"end":{"line":35,"column":1}},"line":26},"1":{"name":"(anonymous_1)","decl":{"start":{"line":29,"column":38},"end":{"line":29,"column":39}},"loc":{"start":{"line":29,"column":45},"end":{"line":29,"column":52}},"line":29},"2":{"name":"(anonymous_2)","decl":{"start":{"line":48,"column":16},"end":{"line":48,"column":17}},"loc":{"start":{"line":48,"column":48},"end":{"line":52,"column":1}},"line":48},"3":{"name":"(anonymous_3)","decl":{"start":{"line":62,"column":23},"end":{"line":62,"column":24}},"loc":{"start":{"line":62,"column":55},"end":{"line":65,"column":1}},"line":62},"4":{"name":"(anonymous_4)","decl":{"start":{"line":78,"column":38},"end":{"line":78,"column":39}},"loc":{"start":{"line":78,"column":70},"end":{"line":87,"column":1}},"line":78},"5":{"name":"(anonymous_5)","decl":{"start":{"line":81,"column":38},"end":{"line":81,"column":39}},"loc":{"start":{"line":81,"column":45},"end":{"line":81,"column":52}},"line":81},"6":{"name":"(anonymous_6)","decl":{"start":{"line":94,"column":39},"end":{"line":94,"column":40}},"loc":{"start":{"line":94,"column":71},"end":{"line":98,"column":1}},"line":94}},"branchMap":{"0":{"loc":{"start":{"line":28,"column":2},"end":{"line":31,"column":3}},"type":"if","locations":[{"start":{"line":28,"column":2},"end":{"line":31,"column":3}},{"start":{},"end":{}}],"line":28},"1":{"loc":{"start":{"line":80,"column":2},"end":{"line":83,"column":3}},"type":"if","locations":[{"start":{"line":80,"column":2},"end":{"line":83,"column":3}},{"start":{},"end":{}}],"line":80}},"s":{"0":1,"1":1,"2":1,"3":1,"4":1,"5":1,"6":1,"7":1,"8":1,"9":0,"10":0,"11":0,"12":0,"13":0,"14":0,"15":0,"16":1,"17":0,"18":0,"19":0,"20":1,"21":0,"22":0,"23":1,"24":0,"25":0,"26":0,"27":0,"28":0,"29":0,"30":0,"31":1,"32":0,"33":0,"34":0,"35":1},"f":{"0":0,"1":0,"2":0,"3":0,"4":0,"5":0,"6":0},"b":{"0":[0,0],"1":[0,0]},"_coverageSchema":"1a1c01bbd47fc00a2c39e90264f33305004495a9","hash":"9e41a954135ec0437692a76a16c345f4f4977d24"}
,"/Users/calebwood/Desktop/Rithm/Week7/exercises/express-jobly/routes/jobs.js": {"path":"/Users/calebwood/Desktop/Rithm/Week7/exercises/express-jobly/routes/jobs.js","statementMap":{"0":{"start":{"line":5,"column":19},"end":{"line":5,"column":40}},"1":{"start":{"line":6,"column":16},"end":{"line":6,"column":34}},"2":{"start":{"line":8,"column":28},"end":{"line":8,"column":54}},"3":{"start":{"line":9,"column":40},"end":{"line":9,"column":69}},"4":{"start":{"line":10,"column":12},"end":{"line":10,"column":37}},"5":{"start":{"line":12,"column":21},"end":{"line":12,"column":54}},"6":{"start":{"line":13,"column":24},"end":{"line":13,"column":60}},"7":{"start":{"line":15,"column":15},"end":{"line":15,"column":35}},"8":{"start":{"line":26,"column":0},"end":{"line":35,"column":3}},"9":{"start":{"line":27,"column":20},"end":{"line":27,"column":63}},"10":{"start":{"line":28,"column":2},"end":{"line":31,"column":3}},"11":{"start":{"line":29,"column":17},"end":{"line":29,"column":53}},"12":{"start":{"line":29,"column":45},"end":{"line":29,"column":52}},"13":{"start":{"line":30,"column":4},"end":{"line":30,"column":36}},"14":{"start":{"line":33,"column":14},"end":{"line":33,"column":40}},"15":{"start":{"line":34,"column":2},"end":{"line":34,"column":39}},"16":{"start":{"line":48,"column":0},"end":{"line":52,"column":3}},"17":{"start":{"line":49,"column":18},"end":{"line":49,"column":27}},"18":{"start":{"line":50,"column":15},"end":{"line":50,"column":41}},"19":{"start":{"line":51,"column":2},"end":{"line":51,"column":28}},"20":{"start":{"line":62,"column":0},"end":{"line":65,"column":3}},"21":{"start":{"line":63,"column":14},"end":{"line":63,"column":42}},"22":{"start":{"line":64,"column":2},"end":{"line":64,"column":27}},"23":{"start":{"line":78,"column":0},"end":{"line":87,"column":3}},"24":{"start":{"line":79,"column":20},"end":{"line":79,"column":66}},"25":{"start":{"line":80,"column":2},"end":{"line":83,"column":3}},"26":{"start":{"line":81,"column":17},"end":{"line":81,"column":53}},"27":{"start":{"line":81,"column":45},"end":{"line":81,"column":52}},"28":{"start":{"line":82,"column":4},"end":{"line":82,"column":36}},"29":{"start":{"line":85,"column":14},"end":{"line":85,"column":55}},"30":{"start":{"line":86,"column":2},"end":{"line":86,"column":27}},"31":{"start":{"line":94,"column":0},"end":{"line":97,"column":3}},"32":{"start":{"line":95,"column":2},"end":{"line":95,"column":34}},"33":{"start":{"line":96,"column":2},"end":{"line":96,"column":46}},"34":{"start":{"line":99,"column":0},"end":{"line":99,"column":24}}},"fnMap":{"0":{"name":"(anonymous_0)","decl":{"start":{"line":26,"column":30},"end":{"line":26,"column":31}},"loc":{"start":{"line":26,"column":62},"end":{"line":35,"column":1}},"line":26},"1":{"name":"(anonymous_1)","decl":{"start":{"line":29,"column":38},"end":{"line":29,"column":39}},"loc":{"start":{"line":29,"column":45},"end":{"line":29,"column":52}},"line":29},"2":{"name":"(anonymous_2)","decl":{"start":{"line":48,"column":16},"end":{"line":48,"column":17}},"loc":{"start":{"line":48,"column":48},"end":{"line":52,"column":1}},"line":48},"3":{"name":"(anonymous_3)","decl":{"start":{"line":62,"column":19},"end":{"line":62,"column":20}},"loc":{"start":{"line":62,"column":51},"end":{"line":65,"column":1}},"line":62},"4":{"name":"(anonymous_4)","decl":{"start":{"line":78,"column":34},"end":{"line":78,"column":35}},"loc":{"start":{"line":78,"column":66},"end":{"line":87,"column":1}},"line":78},"5":{"name":"(anonymous_5)","decl":{"start":{"line":81,"column":38},"end":{"line":81,"column":39}},"loc":{"start":{"line":81,"column":45},"end":{"line":81,"column":52}},"line":81},"6":{"name":"(anonymous_6)","decl":{"start":{"line":94,"column":35},"end":{"line":94,"column":36}},"loc":{"start":{"line":94,"column":67},"end":{"line":97,"column":1}},"line":94}},"branchMap":{"0":{"loc":{"start":{"line":28,"column":2},"end":{"line":31,"column":3}},"type":"if","locations":[{"start":{"line":28,"column":2},"end":{"line":31,"column":3}},{"start":{},"end":{}}],"line":28},"1":{"loc":{"start":{"line":80,"column":2},"end":{"line":83,"column":3}},"type":"if","locations":[{"start":{"line":80,"column":2},"end":{"line":83,"column":3}},{"start":{},"end":{}}],"line":80}},"s":{"0":1,"1":1,"2":1,"3":1,"4":1,"5":1,"6":1,"7":1,"8":1,"9":0,"10":0,"11":0,"12":0,"13":0,"14":0,"15":0,"16":1,"17":0,"18":0,"19":0,"20":1,"21":0,"22":0,"23":1,"24":0,"25":0,"26":0,"27":0,"28":0,"29":0,"30":0,"31":1,"32":0,"33":0,"34":1},"f":{"0":0,"1":0,"2":0,"3":0,"4":0,"5":0,"6":0},"b":{"0":[0,0],"1":[0,0]},"_coverageSchema":"1a1c01bbd47fc00a2c39e90264f33305004495a9","hash":"aac318e74e7874222f98b26904527b3e75d04dc0"}
,"/Users/calebwood/Desktop/Rithm/Week7/exercises/express-jobly/routes/users.js": {"path":"/Users/calebwood/Desktop/Rithm/Week7/exercises/express-jobly/routes/users.js","statementMap":{"0":{"start":{"line":5,"column":19},"end":{"line":5,"column":40}},"1":{"start":{"line":7,"column":16},"end":{"line":7,"column":34}},"2":{"start":{"line":12,"column":4},"end":{"line":12,"column":33}},"3":{"start":{"line":13,"column":28},"end":{"line":13,"column":54}},"4":{"start":{"line":14,"column":13},"end":{"line":14,"column":38}},"5":{"start":{"line":15,"column":24},"end":{"line":15,"column":52}},"6":{"start":{"line":16,"column":22},"end":{"line":16,"column":56}},"7":{"start":{"line":17,"column":25},"end":{"line":17,"column":62}},"8":{"start":{"line":19,"column":15},"end":{"line":19,"column":31}},"9":{"start":{"line":33,"column":0},"end":{"line":43,"column":3}},"10":{"start":{"line":34,"column":20},"end":{"line":34,"column":64}},"11":{"start":{"line":35,"column":2},"end":{"line":38,"column":3}},"12":{"start":{"line":36,"column":17},"end":{"line":36,"column":53}},"13":{"start":{"line":36,"column":45},"end":{"line":36,"column":52}},"14":{"start":{"line":37,"column":4},"end":{"line":37,"column":36}},"15":{"start":{"line":40,"column":15},"end":{"line":40,"column":44}},"16":{"start":{"line":41,"column":16},"end":{"line":41,"column":33}},"17":{"start":{"line":42,"column":2},"end":{"line":42,"column":47}},"18":{"start":{"line":52,"column":0},"end":{"line":59,"column":3}},"19":{"start":{"line":53,"column":2},"end":{"line":58,"column":3}},"20":{"start":{"line":54,"column":18},"end":{"line":54,"column":38}},"21":{"start":{"line":55,"column":4},"end":{"line":55,"column":31}},"22":{"start":{"line":57,"column":4},"end":{"line":57,"column":21}},"23":{"start":{"line":68,"column":0},"end":{"line":75,"column":2}},"24":{"start":{"line":72,"column":17},"end":{"line":72,"column":52}},"25":{"start":{"line":73,"column":4},"end":{"line":73,"column":30}},"26":{"start":{"line":87,"column":0},"end":{"line":100,"column":2}},"27":{"start":{"line":91,"column":22},"end":{"line":91,"column":69}},"28":{"start":{"line":92,"column":4},"end":{"line":95,"column":5}},"29":{"start":{"line":93,"column":19},"end":{"line":93,"column":55}},"30":{"start":{"line":93,"column":47},"end":{"line":93,"column":54}},"31":{"start":{"line":94,"column":6},"end":{"line":94,"column":38}},"32":{"start":{"line":97,"column":17},"end":{"line":97,"column":65}},"33":{"start":{"line":98,"column":4},"end":{"line":98,"column":30}},"34":{"start":{"line":107,"column":0},"end":{"line":114,"column":2}},"35":{"start":{"line":111,"column":4},"end":{"line":111,"column":43}},"36":{"start":{"line":112,"column":4},"end":{"line":112,"column":54}},"37":{"start":{"line":120,"column":0},"end":{"line":130,"column":2}},"38":{"start":{"line":124,"column":21},"end":{"line":124,"column":40}},"39":{"start":{"line":125,"column":15},"end":{"line":125,"column":28}},"40":{"start":{"line":126,"column":4},"end":{"line":126,"column":30}},"41":{"start":{"line":127,"column":4},"end":{"line":127,"column":40}},"42":{"start":{"line":128,"column":4},"end":{"line":128,"column":46}},"43":{"start":{"line":131,"column":0},"end":{"line":131,"column":24}}},"fnMap":{"0":{"name":"(anonymous_0)","decl":{"start":{"line":33,"column":30},"end":{"line":33,"column":31}},"loc":{"start":{"line":33,"column":62},"end":{"line":43,"column":1}},"line":33},"1":{"name":"(anonymous_1)","decl":{"start":{"line":36,"column":38},"end":{"line":36,"column":39}},"loc":{"start":{"line":36,"column":45},"end":{"line":36,"column":52}},"line":36},"2":{"name":"(anonymous_2)","decl":{"start":{"line":52,"column":29},"end":{"line":52,"column":30}},"loc":{"start":{"line":52,"column":61},"end":{"line":59,"column":1}},"line":52},"3":{"name":"(anonymous_3)","decl":{"start":{"line":71,"column":2},"end":{"line":71,"column":3}},"loc":{"start":{"line":71,"column":34},"end":{"line":74,"column":3}},"line":71},"4":{"name":"(anonymous_4)","decl":{"start":{"line":90,"column":2},"end":{"line":90,"column":3}},"loc":{"start":{"line":90,"column":34},"end":{"line":99,"column":3}},"line":90},"5":{"name":"(anonymous_5)","decl":{"start":{"line":93,"column":40},"end":{"line":93,"column":41}},"loc":{"start":{"line":93,"column":47},"end":{"line":93,"column":54}},"line":93},"6":{"name":"(anonymous_6)","decl":{"start":{"line":110,"column":2},"end":{"line":110,"column":3}},"loc":{"start":{"line":110,"column":34},"end":{"line":113,"column":3}},"line":110},"7":{"name":"(anonymous_7)","decl":{"start":{"line":123,"column":2},"end":{"line":123,"column":3}},"loc":{"start":{"line":123,"column":34},"end":{"line":129,"column":3}},"line":123}},"branchMap":{"0":{"loc":{"start":{"line":35,"column":2},"end":{"line":38,"column":3}},"type":"if","locations":[{"start":{"line":35,"column":2},"end":{"line":38,"column":3}},{"start":{},"end":{}}],"line":35},"1":{"loc":{"start":{"line":92,"column":4},"end":{"line":95,"column":5}},"type":"if","locations":[{"start":{"line":92,"column":4},"end":{"line":95,"column":5}},{"start":{},"end":{}}],"line":92}},"s":{"0":1,"1":1,"2":1,"3":1,"4":1,"5":1,"6":1,"7":1,"8":1,"9":1,"10":4,"11":4,"12":2,"13":5,"14":2,"15":2,"16":2,"17":2,"18":1,"19":2,"20":2,"21":1,"22":1,"23":1,"24":2,"25":1,"26":1,"27":4,"28":4,"29":1,"30":1,"31":1,"32":3,"33":2,"34":1,"35":2,"36":1,"37":1,"38":4,"39":4,"40":4,"41":4,"42":2,"43":1},"f":{"0":4,"1":5,"2":2,"3":2,"4":4,"5":1,"6":2,"7":4},"b":{"0":[2,2],"1":[1,3]},"_coverageSchema":"1a1c01bbd47fc00a2c39e90264f33305004495a9","hash":"08a832af0c3ac2ca976a9b16defaff1f65d38260"}
}
