TN:
SF:app.js
FN:32,(anonymous_0)
FN:37,(anonymous_1)
FNF:2
FNH:1
FNDA:0,(anonymous_0)
FNDA:14,(anonymous_1)
DA:5,1
DA:6,1
DA:8,1
DA:10,1
DA:11,1
DA:12,1
DA:13,1
DA:14,1
DA:16,1
DA:18,1
DA:20,1
DA:21,1
DA:22,1
DA:23,1
DA:25,1
DA:26,1
DA:27,1
DA:28,1
DA:32,1
DA:33,0
DA:37,1
DA:38,14
DA:39,14
DA:40,14
DA:42,14
DA:47,1
LF:26
LH:25
BRDA:38,0,0,0
BRDA:38,0,1,14
BRDA:39,1,0,14
BRDA:39,1,1,1
BRF:4
BRH:3
end_of_record
TN:
SF:config.js
FN:13,getDatabaseUri
FNF:1
FNH:1
FNDA:2,getDatabaseUri
DA:5,1
DA:6,1
DA:8,1
DA:10,1
DA:14,2
DA:22,1
DA:24,1
DA:25,1
DA:26,1
DA:27,1
DA:28,1
DA:29,1
DA:31,1
LF:13
LH:13
BRDA:8,0,0,1
BRDA:8,0,1,1
BRDA:10,1,0,1
BRDA:10,1,1,1
BRDA:14,2,0,2
BRDA:14,2,1,0
BRDA:15,3,0,2
BRDA:15,3,1,2
BRDA:16,4,0,0
BRDA:16,4,1,0
BRDA:22,5,0,1
BRDA:22,5,1,0
BRF:12
BRH:8
end_of_record
TN:
SF:db.js
FNF:0
FNH:0
DA:5,1
DA:6,1
DA:8,1
DA:12,1
DA:14,1
LF:5
LH:5
BRF:0
BRH:0
end_of_record
TN:
SF:expressError.js
FN:8,(anonymous_0)
FN:18,(anonymous_1)
FN:26,(anonymous_2)
FN:34,(anonymous_3)
FN:42,(anonymous_4)
FNF:5
FNH:4
FNDA:13,(anonymous_0)
FNDA:3,(anonymous_1)
FNDA:5,(anonymous_2)
FNDA:5,(anonymous_3)
FNDA:0,(anonymous_4)
DA:9,13
DA:10,13
DA:11,13
DA:19,3
DA:27,5
DA:35,5
DA:43,0
DA:47,1
LF:8
LH:7
BRDA:18,0,0,0
BRDA:26,1,0,5
BRDA:34,2,0,2
BRDA:42,3,0,0
BRF:4
BRH:2
end_of_record
TN:
SF:helpers/sql.js
FN:13,sqlForPartialUpdate
FN:18,(anonymous_1)
FNF:2
FNH:2
FNDA:3,sqlForPartialUpdate
FNDA:3,(anonymous_1)
DA:1,1
DA:14,3
DA:15,3
DA:18,3
DA:19,3
DA:22,3
DA:28,1
LF:7
LH:7
BRDA:15,0,0,0
BRDA:15,0,1,3
BRDA:19,1,0,3
BRDA:19,1,1,1
BRF:4
BRH:3
end_of_record
TN:
SF:helpers/tokens.js
FN:6,createToken
FNF:1
FNH:1
FNDA:4,createToken
DA:1,1
DA:2,1
DA:7,4
DA:10,4
DA:15,4
DA:18,1
LF:6
LH:6
BRDA:12,0,0,4
BRDA:12,0,1,2
BRF:2
BRH:2
end_of_record
TN:
SF:middleware/auth.js
FN:17,authenticateJWT
FN:35,ensureLoggedIn
FN:45,ensureAdmin
FN:56,ensureAdminOrCorrectUser
FNF:4
FNH:3
FNDA:23,authenticateJWT
FNDA:0,ensureLoggedIn
FNDA:8,ensureAdmin
FNDA:15,ensureAdminOrCorrectUser
DA:5,1
DA:6,1
DA:7,1
DA:18,23
DA:19,23
DA:20,23
DA:21,18
DA:22,18
DA:24,23
DA:26,0
DA:36,0
DA:37,0
DA:38,0
DA:40,0
DA:46,8
DA:47,8
DA:48,2
DA:50,6
DA:52,2
DA:57,15
DA:58,15
DA:59,15
DA:60,12
DA:62,0
DA:64,12
DA:66,3
DA:70,1
LF:27
LH:21
BRDA:19,0,0,23
BRDA:19,0,1,23
BRDA:20,1,0,18
BRDA:20,1,1,5
BRDA:37,2,0,0
BRDA:37,2,1,0
BRDA:47,3,0,2
BRDA:47,3,1,6
BRDA:47,4,0,8
BRDA:47,4,1,6
BRDA:59,5,0,3
BRDA:59,5,1,12
BRDA:60,6,0,0
BRDA:60,6,1,12
BRDA:60,7,0,12
BRDA:60,7,1,7
BRF:16
BRH:13
end_of_record
TN:
SF:models/company.js
FN:19,(anonymous_0)
FN:59,(anonymous_1)
FN:88,(anonymous_2)
FN:118,(anonymous_3)
FN:159,(anonymous_4)
FN:184,(anonymous_5)
FNF:6
FNH:1
FNDA:3,(anonymous_0)
FNDA:0,(anonymous_1)
FNDA:0,(anonymous_2)
FNDA:0,(anonymous_3)
FNDA:0,(anonymous_4)
FNDA:0,(anonymous_5)
DA:3,1
DA:4,1
DA:5,1
DA:20,3
DA:27,3
DA:28,0
DA:30,3
DA:42,3
DA:44,3
DA:60,0
DA:61,0
DA:63,0
DA:64,0
DA:65,0
DA:67,0
DA:68,0
DA:69,0
DA:71,0
DA:72,0
DA:73,0
DA:76,0
DA:77,0
DA:89,0
DA:91,0
DA:97,0
DA:107,0
DA:119,0
DA:130,0
DA:132,0
DA:134,0
DA:142,0
DA:144,0
DA:160,0
DA:164,0
DA:166,0
DA:171,0
DA:172,0
DA:174,0
DA:176,0
DA:185,0
DA:192,0
DA:194,0
DA:198,1
LF:43
LH:9
BRDA:27,0,0,0
BRDA:27,0,1,3
BRDA:63,1,0,0
BRDA:63,1,1,0
BRDA:67,2,0,0
BRDA:67,2,1,0
BRDA:71,3,0,0
BRDA:71,3,1,0
BRDA:76,4,0,0
BRDA:76,4,1,0
BRDA:88,5,0,0
BRDA:132,6,0,0
BRDA:132,6,1,0
BRDA:174,7,0,0
BRDA:174,7,1,0
BRDA:194,8,0,0
BRDA:194,8,1,0
BRF:17
BRH:1
end_of_record
TN:
SF:models/jobs.js
FN:16,(anonymous_0)
FN:40,(anonymous_1)
FN:67,(anonymous_2)
FN:95,(anonymous_3)
FN:122,(anonymous_4)
FN:142,(anonymous_5)
FNF:6
FNH:0
FNDA:0,(anonymous_0)
FNDA:0,(anonymous_1)
FNDA:0,(anonymous_2)
FNDA:0,(anonymous_3)
FNDA:0,(anonymous_4)
FNDA:0,(anonymous_5)
DA:2,1
DA:3,1
DA:4,1
DA:17,0
DA:24,0
DA:25,0
DA:41,0
DA:42,0
DA:44,0
DA:45,0
DA:46,0
DA:48,0
DA:49,0
DA:50,0
DA:52,0
DA:53,0
DA:56,0
DA:57,0
DA:68,0
DA:70,0
DA:76,0
DA:84,0
DA:96,0
DA:104,0
DA:105,0
DA:107,0
DA:123,0
DA:125,0
DA:130,0
DA:131,0
DA:133,0
DA:135,0
DA:143,0
DA:150,0
DA:152,0
DA:156,1
LF:36
LH:4
BRDA:44,0,0,0
BRDA:44,0,1,0
BRDA:48,1,0,0
BRDA:48,1,1,0
BRDA:52,2,0,0
BRDA:52,2,1,0
BRDA:56,3,0,0
BRDA:56,3,1,0
BRDA:67,4,0,0
BRDA:105,5,0,0
BRDA:105,5,1,0
BRDA:133,6,0,0
BRDA:133,6,1,0
BRDA:152,7,0,0
BRDA:152,7,1,0
BRF:15
BRH:0
end_of_record
TN:
SF:models/user.js
FN:24,(anonymous_0)
FN:59,(anonymous_1)
FN:103,(anonymous_2)
FN:125,(anonymous_3)
FN:148,(anonymous_4)
FN:170,(anonymous_5)
FN:201,(anonymous_6)
FN:218,(anonymous_7)
FNF:8
FNH:7
FNDA:1,(anonymous_0)
FNDA:5,(anonymous_1)
FNDA:2,(anonymous_2)
FNDA:2,(anonymous_3)
FNDA:0,(anonymous_4)
FNDA:3,(anonymous_5)
FNDA:2,(anonymous_6)
FNDA:4,(anonymous_7)
DA:3,1
DA:4,1
DA:5,1
DA:10,1
DA:12,1
DA:26,1
DA:38,1
DA:40,1
DA:42,1
DA:43,1
DA:44,1
DA:45,1
DA:49,0
DA:67,5
DA:74,5
DA:75,0
DA:78,5
DA:80,5
DA:93,5
DA:95,5
DA:104,2
DA:114,1
DA:126,2
DA:137,2
DA:138,2
DA:140,1
DA:148,1
DA:150,1
DA:171,3
DA:172,1
DA:175,3
DA:180,3
DA:182,3
DA:190,3
DA:191,3
DA:193,3
DA:195,2
DA:196,2
DA:202,2
DA:209,2
DA:211,2
DA:219,4
DA:220,4
DA:226,2
DA:231,1
LF:45
LH:43
BRDA:40,0,0,1
BRDA:40,0,1,0
BRDA:43,1,0,1
BRDA:43,1,1,0
BRDA:74,2,0,0
BRDA:74,2,1,5
BRDA:138,3,0,1
BRDA:138,3,1,1
BRDA:171,4,0,1
BRDA:171,4,1,2
BRDA:193,5,0,1
BRDA:193,5,1,2
BRDA:211,6,0,1
BRDA:211,6,1,1
BRF:14
BRH:11
end_of_record
TN:
SF:routes/_testCommon.js
FN:8,commonBeforeAll
FN:71,commonBeforeEach
FN:75,commonAfterEach
FN:79,commonAfterAll
FNF:4
FNH:4
FNDA:1,commonBeforeAll
FNDA:23,commonBeforeEach
FNDA:23,commonAfterEach
FNDA:1,commonAfterAll
DA:3,1
DA:4,1
DA:5,1
DA:6,1
DA:10,1
DA:12,1
DA:14,1
DA:21,1
DA:28,1
DA:36,1
DA:44,1
DA:52,1
DA:61,1
DA:72,23
DA:76,23
DA:80,1
DA:83,1
DA:84,1
DA:86,1
LF:19
LH:19
BRF:0
BRH:0
end_of_record
TN:
SF:routes/auth.js
FN:22,(anonymous_0)
FN:25,(anonymous_1)
FN:45,(anonymous_2)
FN:48,(anonymous_3)
FNF:4
FNH:0
FNDA:0,(anonymous_0)
FNDA:0,(anonymous_1)
FNDA:0,(anonymous_2)
FNDA:0,(anonymous_3)
DA:5,1
DA:7,1
DA:8,1
DA:9,1
DA:10,1
DA:11,1
DA:12,1
DA:13,1
DA:22,1
DA:23,0
DA:24,0
DA:25,0
DA:26,0
DA:29,0
DA:30,0
DA:31,0
DA:32,0
DA:45,1
DA:46,0
DA:47,0
DA:48,0
DA:49,0
DA:52,0
DA:53,0
DA:54,0
DA:58,1
LF:26
LH:11
BRDA:24,0,0,0
BRDA:24,0,1,0
BRDA:47,1,0,0
BRDA:47,1,1,0
BRF:4
BRH:0
end_of_record
TN:
SF:routes/companies.js
FN:26,(anonymous_0)
FN:29,(anonymous_1)
FN:48,(anonymous_2)
FN:62,(anonymous_3)
FN:78,(anonymous_4)
FN:81,(anonymous_5)
FN:94,(anonymous_6)
FNF:7
FNH:0
FNDA:0,(anonymous_0)
FNDA:0,(anonymous_1)
FNDA:0,(anonymous_2)
FNDA:0,(anonymous_3)
FNDA:0,(anonymous_4)
FNDA:0,(anonymous_5)
FNDA:0,(anonymous_6)
DA:5,1
DA:6,1
DA:8,1
DA:9,1
DA:10,1
DA:12,1
DA:13,1
DA:15,1
DA:26,1
DA:27,0
DA:28,0
DA:29,0
DA:30,0
DA:33,0
DA:34,0
DA:48,1
DA:49,0
DA:50,0
DA:51,0
DA:62,1
DA:63,0
DA:64,0
DA:78,1
DA:79,0
DA:80,0
DA:81,0
DA:82,0
DA:85,0
DA:86,0
DA:94,1
DA:95,0
DA:96,0
DA:97,0
DA:100,1
LF:34
LH:14
BRDA:28,0,0,0
BRDA:28,0,1,0
BRDA:80,1,0,0
BRDA:80,1,1,0
BRF:4
BRH:0
end_of_record
TN:
SF:routes/jobs.js
FN:26,(anonymous_0)
FN:29,(anonymous_1)
FN:48,(anonymous_2)
FN:62,(anonymous_3)
FN:78,(anonymous_4)
FN:81,(anonymous_5)
FN:94,(anonymous_6)
FNF:7
FNH:0
FNDA:0,(anonymous_0)
FNDA:0,(anonymous_1)
FNDA:0,(anonymous_2)
FNDA:0,(anonymous_3)
FNDA:0,(anonymous_4)
FNDA:0,(anonymous_5)
FNDA:0,(anonymous_6)
DA:5,1
DA:6,1
DA:8,1
DA:9,1
DA:10,1
DA:12,1
DA:13,1
DA:15,1
DA:26,1
DA:27,0
DA:28,0
DA:29,0
DA:30,0
DA:33,0
DA:34,0
DA:48,1
DA:49,0
DA:50,0
DA:51,0
DA:62,1
DA:63,0
DA:64,0
DA:78,1
DA:79,0
DA:80,0
DA:81,0
DA:82,0
DA:85,0
DA:86,0
DA:94,1
DA:95,0
DA:96,0
DA:99,1
LF:33
LH:14
BRDA:28,0,0,0
BRDA:28,0,1,0
BRDA:80,1,0,0
BRDA:80,1,1,0
BRF:4
BRH:0
end_of_record
TN:
SF:routes/users.js
FN:33,(anonymous_0)
FN:36,(anonymous_1)
FN:52,(anonymous_2)
FN:71,(anonymous_3)
FN:90,(anonymous_4)
FN:93,(anonymous_5)
FN:110,(anonymous_6)
FN:123,(anonymous_7)
FNF:8
FNH:8
FNDA:4,(anonymous_0)
FNDA:5,(anonymous_1)
FNDA:2,(anonymous_2)
FNDA:2,(anonymous_3)
FNDA:4,(anonymous_4)
FNDA:1,(anonymous_5)
FNDA:2,(anonymous_6)
FNDA:4,(anonymous_7)
DA:5,1
DA:7,1
DA:12,1
DA:13,1
DA:14,1
DA:15,1
DA:16,1
DA:17,1
DA:19,1
DA:33,1
DA:34,4
DA:35,4
DA:36,5
DA:37,2
DA:40,2
DA:41,2
DA:42,2
DA:52,1
DA:53,2
DA:54,2
DA:55,1
DA:57,1
DA:68,1
DA:72,2
DA:73,1
DA:87,1
DA:91,4
DA:92,4
DA:93,1
DA:94,1
DA:97,3
DA:98,2
DA:107,1
DA:111,2
DA:112,1
DA:120,1
DA:124,4
DA:125,4
DA:126,4
DA:127,4
DA:128,2
DA:131,1
LF:42
LH:42
BRDA:35,0,0,2
BRDA:35,0,1,2
BRDA:92,1,0,1
BRDA:92,1,1,3
BRF:4
BRH:4
end_of_record
